2022-09-28 21:17:04,388 | INFO  | Using Persistence Adapter: KahaDBPersistenceAdapter[D:\IUH-Uni\Yeah_4\KienTrucPhanMem\Ex\Quan_ly_benh_nhan\Ref\apache-activemq-5.17.2\bin\win64\..\..\data\kahadb] | org.apache.activemq.broker.BrokerService | WrapperSimpleAppMain
2022-09-28 21:17:05,440 | INFO  | PListStore:[D:\IUH-Uni\Yeah_4\KienTrucPhanMem\Ex\Quan_ly_benh_nhan\Ref\apache-activemq-5.17.2\bin\win64\..\..\data\localhost\tmp_storage] started | org.apache.activemq.store.kahadb.plist.PListStoreImpl | WrapperSimpleAppMain
2022-09-28 21:17:05,618 | INFO  | Apache ActiveMQ 5.17.2 (localhost, ID:DESKTOP-AEV2O3J-10206-1664374625455-0:1) is starting | org.apache.activemq.broker.BrokerService | WrapperSimpleAppMain
2022-09-28 21:17:05,644 | INFO  | Listening for connections at: tcp://DESKTOP-AEV2O3J:61616?maximumConnections=1000&wireFormat.maxFrameSize=104857600 | org.apache.activemq.transport.TransportServerThreadSupport | WrapperSimpleAppMain
2022-09-28 21:17:05,673 | INFO  | Connector openwire started | org.apache.activemq.broker.TransportConnector | WrapperSimpleAppMain
2022-09-28 21:17:05,679 | INFO  | Listening for connections at: amqp://DESKTOP-AEV2O3J:5672?maximumConnections=1000&wireFormat.maxFrameSize=104857600 | org.apache.activemq.transport.TransportServerThreadSupport | WrapperSimpleAppMain
2022-09-28 21:17:05,679 | INFO  | Connector amqp started | org.apache.activemq.broker.TransportConnector | WrapperSimpleAppMain
2022-09-28 21:17:05,683 | INFO  | Listening for connections at: stomp://DESKTOP-AEV2O3J:61613?maximumConnections=1000&wireFormat.maxFrameSize=104857600 | org.apache.activemq.transport.TransportServerThreadSupport | WrapperSimpleAppMain
2022-09-28 21:17:05,687 | INFO  | Connector stomp started | org.apache.activemq.broker.TransportConnector | WrapperSimpleAppMain
2022-09-28 21:17:05,694 | INFO  | Listening for connections at: mqtt://DESKTOP-AEV2O3J:1883?maximumConnections=1000&wireFormat.maxFrameSize=104857600 | org.apache.activemq.transport.TransportServerThreadSupport | WrapperSimpleAppMain
2022-09-28 21:17:05,695 | INFO  | Connector mqtt started | org.apache.activemq.broker.TransportConnector | WrapperSimpleAppMain
2022-09-28 21:17:05,702 | INFO  | Starting Jetty server | org.apache.activemq.transport.WebTransportServerSupport | WrapperSimpleAppMain
2022-09-28 21:17:05,778 | INFO  | Creating Jetty connector | org.apache.activemq.transport.WebTransportServerSupport | WrapperSimpleAppMain
2022-09-28 21:17:05,867 | WARN  | ServletContext@o.e.j.s.ServletContextHandler@61635afc{/,null,STARTING} has uncovered http methods for path: / | org.eclipse.jetty.security.SecurityHandler | WrapperSimpleAppMain
2022-09-28 21:17:05,952 | INFO  | Listening for connections at ws://DESKTOP-AEV2O3J:61614?maximumConnections=1000&wireFormat.maxFrameSize=104857600 | org.apache.activemq.transport.ws.WSTransportServer | WrapperSimpleAppMain
2022-09-28 21:17:05,952 | INFO  | Connector ws started | org.apache.activemq.broker.TransportConnector | WrapperSimpleAppMain
2022-09-28 21:17:05,953 | INFO  | Apache ActiveMQ 5.17.2 (localhost, ID:DESKTOP-AEV2O3J-10206-1664374625455-0:1) started | org.apache.activemq.broker.BrokerService | WrapperSimpleAppMain
2022-09-28 21:17:05,953 | INFO  | For help or more information please see: http://activemq.apache.org | org.apache.activemq.broker.BrokerService | WrapperSimpleAppMain
2022-09-28 21:17:05,967 | WARN  | Store limit is 102400 mb (current store usage is 0 mb). The data directory: D:\IUH-Uni\Yeah_4\KienTrucPhanMem\Ex\Quan_ly_benh_nhan\Ref\apache-activemq-5.17.2\bin\win64\..\..\data\kahadb only has 92480 mb of usable space. - resetting to maximum available disk space: 92480 mb | org.apache.activemq.broker.BrokerService | WrapperSimpleAppMain
2022-09-28 21:17:06,846 | INFO  | ActiveMQ WebConsole available at http://127.0.0.1:8161/ | org.apache.activemq.web.WebConsoleStarter | WrapperSimpleAppMain
2022-09-28 21:17:06,846 | INFO  | ActiveMQ Jolokia REST API available at http://127.0.0.1:8161/api/jolokia/ | org.apache.activemq.web.WebConsoleStarter | WrapperSimpleAppMain
2022-09-29 11:51:53,076 | INFO  | Using Persistence Adapter: KahaDBPersistenceAdapter[D:\IUH-Uni\Yeah_4\KienTrucPhanMem\Ex\Quan_ly_benh_nhan\Ref\apache-activemq-5.17.2\bin\win64\..\..\data\kahadb] | org.apache.activemq.broker.BrokerService | WrapperSimpleAppMain
2022-09-29 11:51:53,544 | INFO  | Page File: ..\..\data\kahadb\db.data. Recovering pageFile free list due to prior unclean shutdown.. | org.apache.activemq.store.kahadb.disk.page.PageFile | KahaDB Index Free Page Recovery
2022-09-29 11:51:53,557 | INFO  | KahaDB is version 7 | org.apache.activemq.store.kahadb.MessageDatabase | WrapperSimpleAppMain
2022-09-29 11:51:53,557 | INFO  | Page File: ..\..\data\kahadb\db.data. Recovered pageFile free list of size: 0 | org.apache.activemq.store.kahadb.disk.page.PageFile | KahaDB Index Free Page Recovery
2022-09-29 11:51:53,870 | INFO  | PListStore:[D:\IUH-Uni\Yeah_4\KienTrucPhanMem\Ex\Quan_ly_benh_nhan\Ref\apache-activemq-5.17.2\bin\win64\..\..\data\localhost\tmp_storage] started | org.apache.activemq.store.kahadb.plist.PListStoreImpl | WrapperSimpleAppMain
2022-09-29 11:51:54,031 | INFO  | Apache ActiveMQ 5.17.2 (localhost, ID:DESKTOP-AEV2O3J-2742-1664427113885-0:1) is starting | org.apache.activemq.broker.BrokerService | WrapperSimpleAppMain
2022-09-29 11:51:54,125 | INFO  | Listening for connections at: tcp://DESKTOP-AEV2O3J:61616?maximumConnections=1000&wireFormat.maxFrameSize=104857600 | org.apache.activemq.transport.TransportServerThreadSupport | WrapperSimpleAppMain
2022-09-29 11:51:54,125 | INFO  | Connector openwire started | org.apache.activemq.broker.TransportConnector | WrapperSimpleAppMain
2022-09-29 11:51:54,140 | INFO  | Listening for connections at: amqp://DESKTOP-AEV2O3J:5672?maximumConnections=1000&wireFormat.maxFrameSize=104857600 | org.apache.activemq.transport.TransportServerThreadSupport | WrapperSimpleAppMain
2022-09-29 11:51:54,140 | INFO  | Connector amqp started | org.apache.activemq.broker.TransportConnector | WrapperSimpleAppMain
2022-09-29 11:51:54,140 | INFO  | Listening for connections at: stomp://DESKTOP-AEV2O3J:61613?maximumConnections=1000&wireFormat.maxFrameSize=104857600 | org.apache.activemq.transport.TransportServerThreadSupport | WrapperSimpleAppMain
2022-09-29 11:51:54,140 | INFO  | Connector stomp started | org.apache.activemq.broker.TransportConnector | WrapperSimpleAppMain
2022-09-29 11:51:54,140 | INFO  | Listening for connections at: mqtt://DESKTOP-AEV2O3J:1883?maximumConnections=1000&wireFormat.maxFrameSize=104857600 | org.apache.activemq.transport.TransportServerThreadSupport | WrapperSimpleAppMain
2022-09-29 11:51:54,140 | INFO  | Connector mqtt started | org.apache.activemq.broker.TransportConnector | WrapperSimpleAppMain
2022-09-29 11:51:54,156 | INFO  | Starting Jetty server | org.apache.activemq.transport.WebTransportServerSupport | WrapperSimpleAppMain
2022-09-29 11:51:54,234 | INFO  | Creating Jetty connector | org.apache.activemq.transport.WebTransportServerSupport | WrapperSimpleAppMain
2022-09-29 11:51:54,281 | WARN  | ServletContext@o.e.j.s.ServletContextHandler@7d8be56e{/,null,STARTING} has uncovered http methods for path: / | org.eclipse.jetty.security.SecurityHandler | WrapperSimpleAppMain
2022-09-29 11:51:54,390 | INFO  | Listening for connections at ws://DESKTOP-AEV2O3J:61614?maximumConnections=1000&wireFormat.maxFrameSize=104857600 | org.apache.activemq.transport.ws.WSTransportServer | WrapperSimpleAppMain
2022-09-29 11:51:54,390 | INFO  | Connector ws started | org.apache.activemq.broker.TransportConnector | WrapperSimpleAppMain
2022-09-29 11:51:54,390 | INFO  | Apache ActiveMQ 5.17.2 (localhost, ID:DESKTOP-AEV2O3J-2742-1664427113885-0:1) started | org.apache.activemq.broker.BrokerService | WrapperSimpleAppMain
2022-09-29 11:51:54,390 | INFO  | For help or more information please see: http://activemq.apache.org | org.apache.activemq.broker.BrokerService | WrapperSimpleAppMain
2022-09-29 11:51:54,390 | WARN  | Store limit is 102400 mb (current store usage is 0 mb). The data directory: D:\IUH-Uni\Yeah_4\KienTrucPhanMem\Ex\Quan_ly_benh_nhan\Ref\apache-activemq-5.17.2\bin\win64\..\..\data\kahadb only has 92369 mb of usable space. - resetting to maximum available disk space: 92369 mb | org.apache.activemq.broker.BrokerService | WrapperSimpleAppMain
2022-09-29 11:51:55,632 | INFO  | ActiveMQ WebConsole available at http://127.0.0.1:8161/ | org.apache.activemq.web.WebConsoleStarter | WrapperSimpleAppMain
2022-09-29 11:51:55,632 | INFO  | ActiveMQ Jolokia REST API available at http://127.0.0.1:8161/api/jolokia/ | org.apache.activemq.web.WebConsoleStarter | WrapperSimpleAppMain
