STATUS | wrapper  | 2022/09/28 21:15:28 | --> Wrapper Started as Console
STATUS | wrapper  | 2022/09/28 21:15:28 | Launching a JVM...
FATAL  | wrapper  | 2022/09/28 21:15:28 | Unable to execute Java command.  The system cannot find the file specified. (0x2)
FATAL  | wrapper  | 2022/09/28 21:15:28 |     "java" -Dactivemq.home="../.." -Dactivemq.base="../.." -Djavax.net.ssl.keyStorePassword=password -Djavax.net.ssl.trustStorePassword=password -Djavax.net.ssl.keyStore="../../conf/broker.ks" -Djavax.net.ssl.trustStore="../../conf/broker.ts" -Dcom.sun.management.jmxremote -Dorg.apache.activemq.UseDedicatedTaskRunner=false -Djava.util.logging.config.file=logging.properties -Dactivemq.conf="../../conf" -Dactivemq.data="../../data" -Djava.security.auth.login.config="../../conf/login.config" -Xms1024m -Xmx1024m -Djava.library.path="../../bin/win64" -classpath "../../bin/wrapper.jar;../../bin/activemq.jar" -Dwrapper.key="BWQJI33FgZosOlMz" -Dwrapper.port=32000 -Dwrapper.jvm.port.min=31000 -Dwrapper.jvm.port.max=31999 -Dwrapper.pid=9436 -Dwrapper.version="3.2.3" -Dwrapper.native_library="wrapper" -Dwrapper.cpu.timeout="10" -Dwrapper.jvmid=1 org.tanukisoftware.wrapper.WrapperSimpleApp org.apache.activemq.console.Main start
FATAL  | wrapper  | 2022/09/28 21:15:28 | Critical error: wait for JVM process failed
STATUS | wrapper  | 2022/09/28 21:15:52 | --> Wrapper Started as Console
STATUS | wrapper  | 2022/09/28 21:15:52 | Launching a JVM...
FATAL  | wrapper  | 2022/09/28 21:15:52 | Unable to execute Java command.  The system cannot find the file specified. (0x2)
FATAL  | wrapper  | 2022/09/28 21:15:52 |     "java" -Dactivemq.home="../.." -Dactivemq.base="../.." -Djavax.net.ssl.keyStorePassword=password -Djavax.net.ssl.trustStorePassword=password -Djavax.net.ssl.keyStore="../../conf/broker.ks" -Djavax.net.ssl.trustStore="../../conf/broker.ts" -Dcom.sun.management.jmxremote -Dorg.apache.activemq.UseDedicatedTaskRunner=false -Djava.util.logging.config.file=logging.properties -Dactivemq.conf="../../conf" -Dactivemq.data="../../data" -Djava.security.auth.login.config="../../conf/login.config" -Xms1024m -Xmx1024m -Djava.library.path="../../bin/win64" -classpath "../../bin/wrapper.jar;../../bin/activemq.jar" -Dwrapper.key="eqbX3o2NX5_w7gY2" -Dwrapper.port=32000 -Dwrapper.jvm.port.min=31000 -Dwrapper.jvm.port.max=31999 -Dwrapper.pid=12996 -Dwrapper.version="3.2.3" -Dwrapper.native_library="wrapper" -Dwrapper.cpu.timeout="10" -Dwrapper.jvmid=1 org.tanukisoftware.wrapper.WrapperSimpleApp org.apache.activemq.console.Main start
FATAL  | wrapper  | 2022/09/28 21:15:52 | Critical error: wait for JVM process failed
STATUS | wrapper  | 2022/09/28 21:17:00 | --> Wrapper Started as Console
STATUS | wrapper  | 2022/09/28 21:17:00 | Launching a JVM...
INFO   | jvm 1    | 2022/09/28 21:17:01 | Wrapper (Version 3.2.3) http://wrapper.tanukisoftware.org
INFO   | jvm 1    | 2022/09/28 21:17:01 |   Copyright 1999-2006 Tanuki Software, Inc.  All Rights Reserved.
INFO   | jvm 1    | 2022/09/28 21:17:01 | 
INFO   | jvm 1    | 2022/09/28 21:17:02 | Java Runtime: Oracle Corporation 14.0.2 C:\Program Files\Java\jdk-14.0.2
INFO   | jvm 1    | 2022/09/28 21:17:02 |   Heap sizes: current=1048576k  free=1038336k  max=1048576k
INFO   | jvm 1    | 2022/09/28 21:17:02 |     JVM args: -Dactivemq.home=../.. -Dactivemq.base=../.. -Djavax.net.ssl.keyStorePassword=password -Djavax.net.ssl.trustStorePassword=password -Djavax.net.ssl.keyStore=../../conf/broker.ks -Djavax.net.ssl.trustStore=../../conf/broker.ts -Dcom.sun.management.jmxremote -Dorg.apache.activemq.UseDedicatedTaskRunner=false -Djava.util.logging.config.file=logging.properties -Dactivemq.conf=../../conf -Dactivemq.data=../../data -Djava.security.auth.login.config=../../conf/login.config -Xms1024m -Xmx1024m -Djava.library.path=../../bin/win64 -Dwrapper.key=TFZMLwcmg1dISAcV -Dwrapper.port=32000 -Dwrapper.jvm.port.min=31000 -Dwrapper.jvm.port.max=31999 -Dwrapper.pid=6904 -Dwrapper.version=3.2.3 -Dwrapper.native_library=wrapper -Dwrapper.cpu.timeout=10 -Dwrapper.jvmid=1
INFO   | jvm 1    | 2022/09/28 21:17:02 | Extensions classpath:
INFO   | jvm 1    | 2022/09/28 21:17:02 |   [..\..\lib,..\..\lib\camel,..\..\lib\optional,..\..\lib\web,..\..\lib\extra]
INFO   | jvm 1    | 2022/09/28 21:17:02 | ACTIVEMQ_HOME: ..\..
INFO   | jvm 1    | 2022/09/28 21:17:02 | ACTIVEMQ_BASE: ..\..
INFO   | jvm 1    | 2022/09/28 21:17:02 | ACTIVEMQ_CONF: ..\..\conf
INFO   | jvm 1    | 2022/09/28 21:17:02 | ACTIVEMQ_DATA: ..\..\data
INFO   | jvm 1    | 2022/09/28 21:17:02 | Loading message broker from: xbean:activemq.xml
INFO   | jvm 1    | 2022/09/28 21:17:04 |  INFO | Using Persistence Adapter: KahaDBPersistenceAdapter[D:\IUH-Uni\Yeah_4\KienTrucPhanMem\Ex\Quan_ly_benh_nhan\Ref\apache-activemq-5.17.2\bin\win64\..\..\data\kahadb]
INFO   | jvm 1    | 2022/09/28 21:17:05 |  INFO | PListStore:[D:\IUH-Uni\Yeah_4\KienTrucPhanMem\Ex\Quan_ly_benh_nhan\Ref\apache-activemq-5.17.2\bin\win64\..\..\data\localhost\tmp_storage] started
INFO   | jvm 1    | 2022/09/28 21:17:05 |  INFO | Apache ActiveMQ 5.17.2 (localhost, ID:DESKTOP-AEV2O3J-10206-1664374625455-0:1) is starting
INFO   | jvm 1    | 2022/09/28 21:17:05 |  INFO | Listening for connections at: tcp://DESKTOP-AEV2O3J:61616?maximumConnections=1000&wireFormat.maxFrameSize=104857600
INFO   | jvm 1    | 2022/09/28 21:17:05 |  INFO | Connector openwire started
INFO   | jvm 1    | 2022/09/28 21:17:05 |  INFO | Listening for connections at: amqp://DESKTOP-AEV2O3J:5672?maximumConnections=1000&wireFormat.maxFrameSize=104857600
INFO   | jvm 1    | 2022/09/28 21:17:05 |  INFO | Connector amqp started
INFO   | jvm 1    | 2022/09/28 21:17:05 |  INFO | Listening for connections at: stomp://DESKTOP-AEV2O3J:61613?maximumConnections=1000&wireFormat.maxFrameSize=104857600
INFO   | jvm 1    | 2022/09/28 21:17:05 |  INFO | Connector stomp started
INFO   | jvm 1    | 2022/09/28 21:17:05 |  INFO | Listening for connections at: mqtt://DESKTOP-AEV2O3J:1883?maximumConnections=1000&wireFormat.maxFrameSize=104857600
INFO   | jvm 1    | 2022/09/28 21:17:05 |  INFO | Connector mqtt started
INFO   | jvm 1    | 2022/09/28 21:17:05 |  INFO | Starting Jetty server
INFO   | jvm 1    | 2022/09/28 21:17:05 |  INFO | Creating Jetty connector
INFO   | jvm 1    | 2022/09/28 21:17:05 |  WARN | ServletContext@o.e.j.s.ServletContextHandler@61635afc{/,null,STARTING} has uncovered http methods for path: /
INFO   | jvm 1    | 2022/09/28 21:17:06 |  INFO | Listening for connections at ws://DESKTOP-AEV2O3J:61614?maximumConnections=1000&wireFormat.maxFrameSize=104857600
INFO   | jvm 1    | 2022/09/28 21:17:06 |  INFO | Connector ws started
INFO   | jvm 1    | 2022/09/28 21:17:06 |  INFO | Apache ActiveMQ 5.17.2 (localhost, ID:DESKTOP-AEV2O3J-10206-1664374625455-0:1) started
INFO   | jvm 1    | 2022/09/28 21:17:06 |  INFO | For help or more information please see: http://activemq.apache.org
INFO   | jvm 1    | 2022/09/28 21:17:06 |  WARN | Store limit is 102400 mb (current store usage is 0 mb). The data directory: D:\IUH-Uni\Yeah_4\KienTrucPhanMem\Ex\Quan_ly_benh_nhan\Ref\apache-activemq-5.17.2\bin\win64\..\..\data\kahadb only has 92480 mb of usable space. - resetting to maximum available disk space: 92480 mb
INFO   | jvm 1    | 2022/09/28 21:17:06 |  INFO | ActiveMQ WebConsole available at http://127.0.0.1:8161/
INFO   | jvm 1    | 2022/09/28 21:17:06 |  INFO | ActiveMQ Jolokia REST API available at http://127.0.0.1:8161/api/jolokia/
STATUS | wrapper  | 2022/09/29 11:51:47 | --> Wrapper Started as Console
STATUS | wrapper  | 2022/09/29 11:51:47 | Launching a JVM...
INFO   | jvm 1    | 2022/09/29 11:51:48 | Wrapper (Version 3.2.3) http://wrapper.tanukisoftware.org
INFO   | jvm 1    | 2022/09/29 11:51:48 |   Copyright 1999-2006 Tanuki Software, Inc.  All Rights Reserved.
INFO   | jvm 1    | 2022/09/29 11:51:48 | 
INFO   | jvm 1    | 2022/09/29 11:51:48 | Java Runtime: Oracle Corporation 14.0.2 C:\Program Files\Java\jdk-14.0.2
INFO   | jvm 1    | 2022/09/29 11:51:48 |   Heap sizes: current=1048576k  free=1038336k  max=1048576k
INFO   | jvm 1    | 2022/09/29 11:51:48 |     JVM args: -Dactivemq.home=../.. -Dactivemq.base=../.. -Djavax.net.ssl.keyStorePassword=password -Djavax.net.ssl.trustStorePassword=password -Djavax.net.ssl.keyStore=../../conf/broker.ks -Djavax.net.ssl.trustStore=../../conf/broker.ts -Dcom.sun.management.jmxremote -Dorg.apache.activemq.UseDedicatedTaskRunner=false -Djava.util.logging.config.file=logging.properties -Dactivemq.conf=../../conf -Dactivemq.data=../../data -Djava.security.auth.login.config=../../conf/login.config -Xms1024m -Xmx1024m -Djava.library.path=../../bin/win64 -Dwrapper.key=jKn1QwBaXJK4lT2f -Dwrapper.port=32000 -Dwrapper.jvm.port.min=31000 -Dwrapper.jvm.port.max=31999 -Dwrapper.pid=10848 -Dwrapper.version=3.2.3 -Dwrapper.native_library=wrapper -Dwrapper.cpu.timeout=10 -Dwrapper.jvmid=1
INFO   | jvm 1    | 2022/09/29 11:51:48 | Extensions classpath:
INFO   | jvm 1    | 2022/09/29 11:51:48 |   [..\..\lib,..\..\lib\camel,..\..\lib\optional,..\..\lib\web,..\..\lib\extra]
INFO   | jvm 1    | 2022/09/29 11:51:48 | ACTIVEMQ_HOME: ..\..
INFO   | jvm 1    | 2022/09/29 11:51:48 | ACTIVEMQ_BASE: ..\..
INFO   | jvm 1    | 2022/09/29 11:51:48 | ACTIVEMQ_CONF: ..\..\conf
INFO   | jvm 1    | 2022/09/29 11:51:48 | ACTIVEMQ_DATA: ..\..\data
INFO   | jvm 1    | 2022/09/29 11:51:51 | Loading message broker from: xbean:activemq.xml
INFO   | jvm 1    | 2022/09/29 11:51:53 |  INFO | Using Persistence Adapter: KahaDBPersistenceAdapter[D:\IUH-Uni\Yeah_4\KienTrucPhanMem\Ex\Quan_ly_benh_nhan\Ref\apache-activemq-5.17.2\bin\win64\..\..\data\kahadb]
INFO   | jvm 1    | 2022/09/29 11:51:53 |  INFO | Page File: ..\..\data\kahadb\db.data. Recovering pageFile free list due to prior unclean shutdown..
INFO   | jvm 1    | 2022/09/29 11:51:53 |  INFO | KahaDB is version 7
INFO   | jvm 1    | 2022/09/29 11:51:53 |  INFO | Page File: ..\..\data\kahadb\db.data. Recovered pageFile free list of size: 0
INFO   | jvm 1    | 2022/09/29 11:51:53 |  INFO | PListStore:[D:\IUH-Uni\Yeah_4\KienTrucPhanMem\Ex\Quan_ly_benh_nhan\Ref\apache-activemq-5.17.2\bin\win64\..\..\data\localhost\tmp_storage] started
INFO   | jvm 1    | 2022/09/29 11:51:54 |  INFO | Apache ActiveMQ 5.17.2 (localhost, ID:DESKTOP-AEV2O3J-2742-1664427113885-0:1) is starting
INFO   | jvm 1    | 2022/09/29 11:51:54 |  INFO | Listening for connections at: tcp://DESKTOP-AEV2O3J:61616?maximumConnections=1000&wireFormat.maxFrameSize=104857600
INFO   | jvm 1    | 2022/09/29 11:51:54 |  INFO | Connector openwire started
INFO   | jvm 1    | 2022/09/29 11:51:54 |  INFO | Listening for connections at: amqp://DESKTOP-AEV2O3J:5672?maximumConnections=1000&wireFormat.maxFrameSize=104857600
INFO   | jvm 1    | 2022/09/29 11:51:54 |  INFO | Connector amqp started
INFO   | jvm 1    | 2022/09/29 11:51:54 |  INFO | Listening for connections at: stomp://DESKTOP-AEV2O3J:61613?maximumConnections=1000&wireFormat.maxFrameSize=104857600
INFO   | jvm 1    | 2022/09/29 11:51:54 |  INFO | Connector stomp started
INFO   | jvm 1    | 2022/09/29 11:51:54 |  INFO | Listening for connections at: mqtt://DESKTOP-AEV2O3J:1883?maximumConnections=1000&wireFormat.maxFrameSize=104857600
INFO   | jvm 1    | 2022/09/29 11:51:54 |  INFO | Connector mqtt started
INFO   | jvm 1    | 2022/09/29 11:51:54 |  INFO | Starting Jetty server
INFO   | jvm 1    | 2022/09/29 11:51:54 |  INFO | Creating Jetty connector
INFO   | jvm 1    | 2022/09/29 11:51:54 |  WARN | ServletContext@o.e.j.s.ServletContextHandler@7d8be56e{/,null,STARTING} has uncovered http methods for path: /
INFO   | jvm 1    | 2022/09/29 11:51:54 |  INFO | Listening for connections at ws://DESKTOP-AEV2O3J:61614?maximumConnections=1000&wireFormat.maxFrameSize=104857600
INFO   | jvm 1    | 2022/09/29 11:51:54 |  INFO | Connector ws started
INFO   | jvm 1    | 2022/09/29 11:51:54 |  INFO | Apache ActiveMQ 5.17.2 (localhost, ID:DESKTOP-AEV2O3J-2742-1664427113885-0:1) started
INFO   | jvm 1    | 2022/09/29 11:51:54 |  INFO | For help or more information please see: http://activemq.apache.org
INFO   | jvm 1    | 2022/09/29 11:51:54 |  WARN | Store limit is 102400 mb (current store usage is 0 mb). The data directory: D:\IUH-Uni\Yeah_4\KienTrucPhanMem\Ex\Quan_ly_benh_nhan\Ref\apache-activemq-5.17.2\bin\win64\..\..\data\kahadb only has 92369 mb of usable space. - resetting to maximum available disk space: 92369 mb
INFO   | jvm 1    | 2022/09/29 11:51:55 |  INFO | ActiveMQ WebConsole available at http://127.0.0.1:8161/
INFO   | jvm 1    | 2022/09/29 11:51:55 |  INFO | ActiveMQ Jolokia REST API available at http://127.0.0.1:8161/api/jolokia/
